lkl04	1	1146
lkl04	1143	2051
lkl04	2152	2236
lkl04	2257	3579
lkl04	3653	3741
lkl04	3801	4115
lkl04	4184	4888
lkl04	5080	6066
lkl04	6110	7174
lkl04	7167	7832
lkl04	7829	9010
lkl04	9007	10200
lkl04	10239	11627
lkl04	11714	12100
lkl04	12102	13079
lkl04	13173	14243
lkl04	14327	14473
lkl04	14470	14559
lkl04	14559	16232
lkl04	16235	18376
lkl04	18394	19008
lkl04	19011	21494
lkl04	21491	22192
lkl04	22272	23417
lkl04	23438	24013
lkl04	24201	24530
lkl04	24622	25431
lkl04	25483	25674
lkl04	26056	26346
lkl04	26450	26767
lkl04	26894	27076
lkl04	27186	27734
lkl04	27795	28124
lkl04	28185	28508
lkl04	28601	28699
lkl04	28696	29049
lkl04	29085	29240
lkl04	29363	29575
lkl04	29609	30115
lkl04	30136	30681
lkl04	30905	31894
lkl04	31891	33048
lkl04	33174	34157
lkl04	34161	34730
lkl04	34824	35441
lkl04	35438	36157
lkl04	36154	39012
lkl04	39028	40389
lkl04	40386	42098
lkl04	42095	43129
lkl04	43197	43820
lkl04	44116	44661
lkl04	44960	45880
lkl04	45871	47109
lkl04	47177	48196
lkl04	48193	49149
lkl04	49175	50650
lkl04	50694	51344
lkl04	51409	51481
lkl04	51930	53897
lkl04	54303	56630
lkl04	56875	57516
lkl04	58023	59156
lkl04	60931	61473
lkl04	61808	62179
lkl04	62169	62555
lkl04	62867	63499
lkl04	63600	64022
lkl04	64036	64458
lkl04	64471	65901
lkl04	65947	67998
lkl04	68138	68587
lkl04	68658	69194
lkl04	69268	71013
lkl04	71175	72431
lkl04	72667	73815
lkl04	73816	74850
lkl04	74875	75402
lkl04	75399	76640
lkl04	76742	77623
lkl04	77637	79703
lkl04	79782	80858
lkl04	80869	81936
lkl04	82001	82513
lkl04	82523	83134
lkl04	83209	83823
lkl04	83891	85600
lkl04	85677	86561
lkl04	86801	88456
lkl04	88559	91444
lkl04	91471	92103
lkl04	92171	92743
lkl04	92788	94872
lkl04	94945	95841
lkl04	95864	97633
lkl04	97729	98934
lkl04	98977	99678
lkl04	99711	100349
lkl04	100332	101255
lkl04	101323	101874
lkl04	101906	102487
lkl04	102491	102862
lkl04	103183	103815
lkl04	103970	105193
lkl04	105201	105485
lkl04	105540	107222
lkl04	107219	107920
lkl04	107975	108814
lkl04	108811	110001
lkl04	109998	110894
lkl04	110918	112096
lkl04	112183	113040
lkl04	113037	113729
lkl04	113717	114988
lkl04	115306	116127
lkl04	116138	116704
lkl04	116714	117544
lkl04	117775	118332
lkl04	118454	118711
lkl04	118718	119173
lkl04	119227	120396
lkl04	120500	120589
lkl04	120707	120856
lkl04	121241	121807
lkl04	121889	123013
lkl04	123036	123872
lkl04	123898	124110
lkl04	124179	125000
lkl04	125004	125963
lkl04	126001	126717
lkl04	127137	127436
lkl04	127433	127765
lkl04	127885	128142
lkl04	128185	128502
lkl04	128545	130026
lkl04	130082	131230
lkl04	131227	134229
lkl04	134234	134413
lkl04	134429	134986
lkl04	135010	137076
lkl04	137133	138032
lkl04	138055	141591
lkl04	141576	142208
lkl04	142241	142705
lkl04	142715	143827
lkl04	143912	144745
lkl04	144755	146017
lkl04	146047	146580
lkl04	146602	147273
lkl04	147266	148708
lkl04	148776	149180
lkl04	149281	149472
lkl04	149554	149652
lkl04	149741	150007
lkl04	150004	150303
lkl04	150308	151423
lkl04	151420	152223
lkl04	152220	153125
lkl04	153122	154255
lkl04	154369	155556
lkl04	155645	156985
lkl04	157094	157780
lkl04	157840	158469
lkl04	158466	159065
lkl04	159062	159856
lkl04	159837	161555
lkl04	161585	162607
lkl04	162613	163482
lkl04	163719	165770
lkl04	165767	168649
lkl04	168757	169347
lkl04	169365	170354
lkl04	170414	171226
lkl04	171300	172313
lkl04	172476	173813
lkl04	173867	174790
lkl04	174790	175728
lkl04	175725	177284
lkl04	177362	177766
lkl04	177763	178308
lkl04	178327	179250
lkl04	179265	180017
lkl04	180024	180437
lkl04	180533	181435
lkl04	181445	182620
lkl04	182632	183612
lkl04	183616	183906
lkl04	183983	184378
lkl04	184380	186158
lkl04	186215	187087
lkl04	187189	187779
lkl04	187933	188697
lkl04	188756	189043
lkl04	189122	189907
lkl04	189904	190593
lkl04	190594	191514
lkl04	191555	192034
lkl04	192047	193297
lkl04	193378	194124
lkl04	194148	195209
lkl04	195272	196645
lkl04	196653	197678
lkl04	197620	198825
lkl04	198822	199421
lkl04	199533	200357
lkl04	200354	201481
lkl04	201540	201989
lkl04	201986	202237
lkl04	202334	202879
lkl04	202940	203764
lkl04	203815	204129
lkl04	204170	204658
lkl04	204746	204827
lkl04	204980	206002
lkl04	206107	206895
lkl04	207083	208399
lkl04	208464	208535
lkl04	208560	208633
lkl04	208615	209646
lkl04	209693	210094
lkl04	210390	211526
lkl04	211695	211931
lkl04	211943	212518
lkl04	213391	214836
lkl04	214895	215836
lkl04	215904	217520
lkl04	217481	218713
lkl04	218820	220115
lkl04	220209	221231
lkl04	221478	222089
lkl04	222095	223822
lkl04	223892	224449
lkl04	224456	225490
lkl04	225579	226376
lkl04	226414	226860
lkl04	226857	227264
lkl04	227264	228400
lkl04	228501	229700
lkl04	229750	230523
lkl04	230658	232448
lkl04	232639	234444
lkl04	234573	235403
lkl04	235615	237147
lkl04	237241	238599
lkl04	238602	240083
lkl04	240076	241434
lkl04	241431	242315
lkl04	242333	243898
lkl04	243895	245355
lkl04	245377	246741
lkl04	246795	249593
lkl04	249590	251410
lkl04	251624	251696
lkl04	251741	252007
lkl04	252116	253123
lkl04	253310	253741
lkl04	253755	254444
lkl04	254518	255567
lkl04	255676	256473
lkl04	256550	257218
lkl04	257205	257990
lkl04	257994	258272
lkl04	258272	259303
lkl04	259450	259935
lkl04	259937	261628
lkl04	261763	262440
lkl04	262504	263682
lkl04	263786	264850
lkl04	264847	266367
lkl04	266642	267688
lkl04	267747	268916
lkl04	268952	269956
lkl04	270596	271084
lkl04	271135	271515
lkl04	271597	272637
lkl04	272905	274230
lkl04	274341	275678
lkl04	275678	276649
lkl04	276717	277400
lkl04	277400	278110
lkl04	278107	278205
lkl04	278287	278943
lkl04	278948	280840
lkl04	280837	281442
lkl04	281416	282945
lkl04	283058	284596
lkl04	284600	286264
lkl04	286261	287898
lkl04	287919	288953
lkl04	288963	290864
lkl04	290998	292686
lkl04	292722	293345
lkl04	293419	293916
lkl04	293917	294741
lkl04	294856	295773
lkl04	295770	296774
lkl04	296774	297820
lkl04	297813	298628
lkl04	298625	299470
lkl04	299437	300279
lkl04	300321	301361
lkl04	301438	302298
lkl04	302407	302769
lkl04	302812	303750
lkl04	303772	304422
lkl04	304501	305508
lkl04	305518	306276
lkl04	306309	307388
lkl04	307395	310388
lkl04	310436	311311
lkl04	311308	312252
lkl04	312257	313618
lkl04	313731	314963
lkl04	315059	315577
lkl04	315584	316387
lkl04	316531	316977
lkl04	317052	317828
lkl04	317903	317991
lkl04	318051	320294
lkl04	320284	321531
lkl04	321544	322575
lkl04	322835	324973
lkl04	324970	326193
lkl04	326216	326938
lkl04	326998	329616
lkl04	329619	330716
lkl04	330802	332928
lkl04	332932	333525
lkl04	333528	333926
lkl04	333972	335363
lkl04	335498	336784
lkl04	336789	337532
lkl04	337609	338487
lkl04	338611	339681
lkl04	339813	341363
lkl04	341373	342011
lkl04	342016	342771
lkl04	342858	342931
lkl04	342948	343913
lkl04	343910	346528
lkl04	346672	346890
lkl04	346890	347357
lkl04	347432	348409
lkl04	348416	350389
lkl04	350761	351750
lkl04	351750	352640
lkl04	352684	352887
lkl04	352884	353222
lkl04	353222	353542
lkl04	353620	356283
lkl04	356280	356915
lkl04	356946	358100
lkl04	358097	359656
lkl04	359725	359797
lkl04	359818	360216
lkl04	360261	362426
lkl04	362427	362816
lkl04	362878	363474
lkl04	363471	364100
lkl04	364163	365350
lkl04	365430	367241
lkl04	367277	368173
lkl04	368230	369759
lkl04	369761	370357
lkl04	370354	371322
lkl04	371507	372772
lkl04	372769	373482
lkl04	373518	373991
lkl04	373988	374653
lkl04	374773	376059
lkl04	376065	376991
lkl04	376993	377886
lkl04	377879	378670
lkl04	378698	380938
lkl04	380935	381948
lkl04	381951	383030
lkl04	383027	383836
lkl04	383833	384657
lkl04	384745	386406
lkl04	386587	387228
lkl04	387321	387737
lkl04	387887	389203
lkl04	389310	389822
lkl04	389927	391105
lkl04	391126	391635
lkl04	391632	392690
lkl04	392740	393813
lkl04	393882	394814
lkl04	394811	395665
lkl04	395693	396682
lkl04	396898	397701
lkl04	397847	399406
lkl04	399430	399918
lkl04	399915	400343
lkl04	400347	400580
lkl04	400577	401062
lkl04	401062	402291
lkl04	402288	403070
lkl04	403135	403578
lkl04	403580	404335
lkl04	404332	405114
lkl04	405111	406142
lkl04	406182	406658
lkl04	406762	407865
lkl04	407869	408159
lkl04	408156	408560
lkl04	408638	408865
lkl04	408973	409356
lkl04	409343	409753
lkl04	409870	410148
lkl04	410215	410541
lkl04	410707	411840
lkl04	411834	413186
lkl04	413207	413899
lkl04	414010	414957
lkl04	415020	415808
lkl04	415918	416904
lkl04	416901	417893
lkl04	417886	418899
lkl04	418896	419651
lkl04	419705	420103
lkl04	420132	420821
lkl04	421030	421542
lkl04	421912	424044
lkl04	424044	424838
lkl04	425118	426029
lkl04	426133	426684
lkl04	426871	427565
lkl04	427740	427812
lkl04	427852	428028
lkl04	428147	428815
lkl04	429019	429618
lkl04	429615	430403
lkl04	430475	431113
lkl04	431410	432294
lkl04	432539	433348
lkl04	433826	434605
lkl04	434636	435727
lkl04	435727	436689
lkl04	436772	437887
lkl04	438023	438961
lkl04	438958	441126
lkl04	441194	441880
lkl04	441991	442284
lkl04	442329	442451
lkl04	442456	443061
lkl04	443058	444140
lkl04	444143	445237
lkl04	445269	446093
lkl04	446135	446884
lkl04	446964	447635
lkl04	447813	449006
lkl04	449003	449686
lkl04	449751	450236
lkl04	450370	450852
lkl04	450907	452223
lkl04	452220	453410
lkl04	453420	453893
lkl04	453895	454812
lkl04	454880	456283
lkl04	456276	457262
lkl04	457358	457996
lkl04	458006	459313
lkl04	459393	460496
lkl04	460499	460556
lkl04	460725	461660
lkl04	461691	461763
lkl04	461845	463131
lkl04	463194	464225
lkl04	464421	465323
lkl04	465363	467462
lkl04	467579	468898
lkl04	468895	469230
lkl04	469267	470169
lkl04	470215	470604
lkl04	470601	471581
lkl04	471648	473105
lkl04	473184	473618
lkl04	473682	474545
lkl04	474604	475761
lkl04	475994	476557
lkl04	476600	476968
lkl04	477135	477404
lkl04	477500	478510
lkl04	478570	479079
lkl04	479200	480309
lkl04	480282	481394
lkl04	481501	482733
lkl04	482730	483374
lkl04	483379	483975
lkl04	484127	486082
lkl04	486090	486770
lkl04	486767	488032
lkl04	488158	489597
lkl04	489661	489843
lkl04	490139	492403
lkl04	492618	493637
lkl04	493711	494310
lkl04	494312	495133
lkl04	495143	495955
lkl04	495952	496401
lkl04	496406	497296
lkl04	497289	497714
lkl04	497809	498375
lkl04	498368	498805
lkl04	498889	499632
lkl04	499660	500412
lkl04	500910	501887
lkl04	501884	503560
lkl04	503599	504090
lkl04	504118	506856
lkl04	506888	507454
lkl04	507454	507990
lkl04	508140	508460
lkl04	508468	508689
lkl04	508917	509972
lkl04	509975	510688
lkl04	510754	511674
lkl04	511671	512549
lkl04	512599	514155
lkl04	514160	515080
lkl04	515132	515986
lkl04	515979	516557
lkl04	516596	517462
lkl04	517468	518109
lkl04	518188	519702
lkl04	519721	521616
lkl04	521863	522819
lkl04	522816	525137
lkl04	525195	525860
lkl04	526163	526540
lkl04	526568	527641
lkl04	527699	528310
lkl04	528307	528954
lkl04	529005	529751
lkl04	529735	530514
lkl04	530559	530957
lkl04	531093	531830
lkl04	531878	532072
lkl04	532103	532483
lkl04	532534	533367
lkl04	533445	534239
lkl04	534300	535196
lkl04	535267	535923
lkl04	535920	536840
lkl04	536889	537929
lkl04	537929	540439
lkl04	540559	540897
lkl04	540900	542024
lkl04	542084	542854
lkl04	542836	544419
lkl04	544416	545402
lkl04	545611	546660
lkl04	546657	547814
lkl04	547811	548710
lkl04	548707	549951
lkl04	549948	550871
lkl04	550850	551977
lkl04	551974	553404
lkl04	553478	554119
lkl04	554116	554811
lkl04	554908	555009
lkl04	555042	556355
lkl04	556936	558462
lkl04	558831	561939
lkl04	562038	562154
lkl04	562352	563035
lkl04	563078	563863
lkl04	563863	564894
lkl04	564951	565115
lkl04	565112	565918
lkl04	565915	566835
lkl04	566832	568526
lkl04	568598	570298
lkl04	570302	570952
lkl04	570959	571882
lkl04	571972	572862
lkl04	572846	573700
lkl04	573690	574295
lkl04	574292	575074
lkl04	575071	576186
lkl04	576179	576856
lkl04	576853	578382
lkl04	578510	579406
lkl04	579403	579807
lkl04	579793	580149
lkl04	580190	580693
lkl04	580690	581268
lkl04	581373	581446
lkl04	581741	586981
lkl04	587061	588092
lkl04	588202	588615
lkl04	588624	589784
lkl04	589863	591530
lkl04	591537	592577
lkl04	592619	593626
lkl04	593632	594618
lkl04	594676	594972
lkl04	594977	595498
lkl04	595573	596586
lkl04	596672	599155
lkl04	599245	599487
lkl04	599477	600106
lkl04	600219	601619
lkl04	601649	602218
lkl04	602464	602952
lkl04	602949	603629
lkl04	603730	604275
lkl04	604324	605139
lkl04	605237	608644
lkl04	608695	610203
lkl04	610203	610691
lkl04	610742	612577
lkl04	612724	613659
lkl04	613661	614347
lkl04	614398	615726
lkl04	615796	617754
lkl04	617824	619032
lkl04	619200	619526
lkl04	619546	620640
lkl04	620701	621078
lkl04	621286	621717
lkl04	621821	622780
lkl04	622777	623385
lkl04	623390	625201
lkl04	625229	626641
lkl04	626638	627747
lkl04	627744	629285
lkl04	629242	630456
lkl04	630467	631540
lkl04	631610	633010
lkl04	633046	634077
lkl04	634235	635395
lkl04	635403	636086
lkl04	636119	636574
lkl04	636579	636881
lkl04	636996	637610
lkl04	637622	638254
lkl04	638241	639161
lkl04	639184	639657
lkl04	639706	643224
lkl04	643321	644415
lkl04	644436	645737
lkl04	645751	646224
lkl04	646262	647281
lkl04	647347	647907
lkl04	647960	649351
lkl04	649468	649833
lkl04	649947	650846
lkl04	650846	652588
lkl04	652589	653023
lkl04	653330	653755
lkl04	653834	655657
lkl04	655654	656730
lkl04	656770	657570
lkl04	657595	658239
lkl04	658362	659414
lkl04	659422	660414
lkl04	660419	661336
lkl04	661353	662225
lkl04	662219	662755
lkl04	662847	663266
lkl04	663414	664865
lkl04	665030	666679
lkl04	666676	667863
lkl04	667887	668483
lkl04	668549	670630
lkl04	670646	670888
lkl04	670923	671363
lkl04	671418	674303
lkl04	674305	676224
lkl04	676258	677130
lkl04	677187	678164
lkl04	678278	678904
lkl04	679009	680052
lkl04	680055	681272
lkl04	681260	682051
lkl04	682149	682397
lkl04	682397	682753
lkl04	682791	683570
lkl04	683578	684510
lkl04	684507	686054
lkl04	686058	687170
lkl04	687167	689248
lkl04	689471	690397
lkl04	690419	690793
lkl04	690889	691818
lkl04	692039	693457
lkl04	693457	694653
lkl04	694650	694979
lkl04	694994	695764
lkl04	695774	696103
lkl04	696162	697067
lkl04	697085	697909
lkl04	697906	698955
lkl04	698952	699929
lkl04	700024	701061
lkl04	701370	702977
lkl04	703000	703827
lkl04	703824	704048
lkl04	704045	704308
lkl04	704419	704928
lkl04	705020	705730
lkl04	705737	706420
lkl04	706461	707096
lkl04	707137	708381
lkl04	708458	709681
lkl04	709691	710476
lkl04	710557	710808
lkl04	710869	711690
lkl04	711778	712674
lkl04	712634	713191
lkl04	713283	714284
lkl04	714232	714747
lkl04	714883	716004
lkl04	716001	717011
lkl04	717008	718339
lkl04	718336	719502
lkl04	719518	720123
lkl04	720152	720997
lkl04	721100	721891
lkl04	721893	722735
lkl04	722837	724678
lkl04	724759	725862
lkl04	725968	726052
lkl04	726144	727442
lkl04	727452	728285
lkl04	728296	729159
lkl04	729238	729918
lkl04	729915	730928
lkl04	730933	731898
lkl04	731943	732941
lkl04	732938	733897
lkl04	733957	734214
lkl04	734276	735031
lkl04	735028	737487
lkl04	737508	737578
lkl04	737673	737746
lkl04	737817	739355
lkl04	739534	740118
lkl04	740136	740801
lkl04	740932	742200
lkl04	742244	742807
lkl04	742810	744867
lkl04	744950	745552
lkl04	745549	745764
lkl04	745772	746020
lkl04	746023	748599
lkl04	748690	749499
lkl04	749545	750237
lkl04	750234	750977
lkl04	751026	751439
lkl04	751436	751948
lkl04	751945	752607
lkl04	752829	756206
lkl04	756203	757555
lkl04	757627	757968
lkl04	757970	758386
lkl04	758438	759097
lkl04	759344	761701
lkl04	761711	761983
lkl04	762194	762502
lkl04	762524	762781
lkl04	762875	764383
lkl04	764380	765210
lkl04	765249	766508
lkl04	766553	766777
lkl04	766788	767384
lkl04	767381	768532
lkl04	768532	768909
lkl04	768982	769054
lkl04	769173	770259
lkl04	770279	770812
lkl04	770754	770948
lkl04	771013	771885
lkl04	771897	772604
lkl04	772615	773661
lkl04	773666	774343
lkl04	774377	775666
lkl04	775735	778314
lkl04	778408	778998
lkl04	778995	781298
lkl04	781317	781955
lkl04	781976	783010
lkl04	783079	783339
lkl04	783467	784201
lkl04	784286	788956
lkl04	789231	791081
lkl04	791091	791741
lkl04	791741	792958
lkl04	793029	794063
lkl04	794095	795210
lkl04	795213	795950
lkl04	795995	796342
lkl04	796335	797417
lkl04	797414	797881
lkl04	797878	799194
lkl04	799197	800087
lkl04	800121	801050
lkl04	801058	801681
lkl04	801871	803631
lkl04	803666	804373
lkl04	804388	805116
lkl04	805113	805919
lkl04	805923	806486
lkl04	806529	807224
lkl04	807292	807786
lkl04	807787	809010
lkl04	809000	810379
lkl04	810379	812229
lkl04	812307	813002
lkl04	813096	813872
lkl04	813934	814006
lkl04	814584	815327
lkl04	815331	815720
lkl04	815730	816296
lkl04	816338	817414
lkl04	817429	817502
lkl04	817586	817702
lkl04	817769	818338
lkl04	818454	818600
lkl04	818800	819303
lkl04	819474	820712
lkl04	820763	821011
lkl04	821082	822083
lkl04	822080	822997
lkl04	823085	824287
lkl04	824296	827022
lkl04	827174	827246
lkl04	827273	828772
lkl04	828805	829611
lkl04	829656	831332
lkl04	831364	831724
lkl04	831745	832566
lkl04	832658	832840
lkl04	832920	834257
lkl04	834262	837243
lkl04	837275	838183
lkl04	838265	838531
lkl04	838528	839454
lkl04	839527	839886
lkl04	839971	841395
lkl04	841497	841955
lkl04	841962	842672
lkl04	842789	844090
lkl04	844109	845827
lkl04	845891	847261
lkl04	847258	848730
lkl04	848816	849742
lkl04	849974	851305
lkl04	851302	852006
lkl04	852009	853031
lkl04	853056	854069
lkl04	854138	854359
lkl04	854553	856625
lkl04	856651	856899
lkl04	856907	859360
lkl04	859436	860566
lkl04	860569	861591
lkl04	861810	862103
lkl04	862116	862586
lkl04	862602	863048
lkl04	863045	863629
lkl04	863626	864402
lkl04	864460	865086
lkl04	865236	868100
lkl04	868175	870142
lkl04	870163	872670
lkl04	872724	874865
lkl04	874877	876082
lkl04	876155	877351
lkl04	877344	877925
lkl04	877951	879171
lkl04	879143	879847
lkl04	879918	880943
lkl04	881109	882377
lkl04	882545	883828
lkl04	883861	884331
lkl04	884377	884449
lkl04	884610	884681
lkl04	884737	884807
lkl04	884835	884906
lkl04	884957	885271
lkl04	885408	885758
lkl04	885777	886820
lkl04	886897	887409
lkl04	887411	888067
lkl04	888072	889235
lkl04	889393	891402
lkl04	891399	891950
lkl04	891972	892823
lkl04	892820	894172
lkl04	894213	895103
lkl04	895100	895690
lkl04	895749	896513
lkl04	896560	897123
lkl04	897171	897782
lkl04	897775	898806
lkl04	898883	899335
lkl04	899374	901089
lkl04	901089	902078
lkl04	902148	904415
lkl04	904394	904963
lkl04	905059	906312
lkl04	906382	906768
lkl04	906811	908163
lkl04	908156	909067
lkl04	909234	909863
lkl04	910048	910299
lkl04	910369	913035
lkl04	913032	913484
lkl04	913504	914904
lkl04	914904	915737
lkl04	915742	916968
lkl04	916955	917500
lkl04	917497	918576
lkl04	918573	919106
lkl04	919116	919562
lkl04	919653	920213
lkl04	920221	920628
lkl04	920843	921373
lkl04	921370	922341
lkl04	922338	923642
lkl04	923639	924172
lkl04	924169	925329
lkl04	925322	928609
lkl04	928606	929469
lkl04	929462	930358
lkl04	930443	931282
lkl04	931279	932307
lkl04	932310	933134
lkl04	933131	935146
lkl04	935177	936514
lkl04	936511	937089
lkl04	937194	937448
lkl04	937565	938758
lkl04	938707	940713
lkl04	940722	941654
lkl04	941651	943006
lkl04	943022	943705
lkl04	943758	944021
lkl04	944068	944910
lkl04	944912	945676
lkl04	945673	946032
lkl04	946029	946613
lkl04	946707	946934
lkl04	946951	947712
lkl04	947709	948968
lkl04	948965	949765
lkl04	949776	950747
lkl04	950805	955397
lkl04	955390	956856
lkl04	956899	958347
lkl04	958404	958486
lkl04	958544	959167
lkl04	959178	959690
lkl04	959696	960127
lkl04	960212	962839
lkl04	962871	964547
lkl04	964621	965667
lkl04	965702	967051
lkl04	967068	967838
lkl04	967931	968188
lkl04	968252	969592
lkl04	969656	969958
lkl04	969974	971677
lkl04	971834	972868
lkl04	972865	974904
lkl04	974942	976411
lkl04	976408	978660
lkl04	978673	979983
lkl04	980004	981287
lkl04	981319	982167
lkl04	982164	983171
lkl04	983168	984412
lkl04	984599	985828
lkl04	985887	986891
lkl04	986923	987150
lkl04	987150	987614
lkl04	987700	988632
lkl04	988646	989407
lkl04	989542	990012
lkl04	990009	990965
lkl04	990962	991735
lkl04	991842	992213
lkl04	992217	993770
lkl04	993827	994357
lkl04	994366	995868
lkl04	995865	996518
lkl04	996541	997533
lkl04	997533	998069
lkl04	998194	1000743
lkl04	1000852	1001766
lkl04	1001763	1002596
lkl04	1002606	1003859
lkl04	1003856	1004581
lkl04	1004592	1005695
lkl04	1005692	1006141
lkl04	1006153	1006827
lkl04	1006856	1007761
lkl04	1007768	1008247
lkl04	1008240	1009919
lkl04	1009970	1010461
lkl04	1010508	1010978
lkl04	1011158	1011682
lkl04	1011806	1012051
lkl04	1012062	1013486
lkl04	1013547	1014155
lkl04	1014183	1014255
lkl04	1014302	1014922
lkl04	1014957	1015029
lkl04	1015058	1015408
lkl04	1015408	1015698
lkl04	1015695	1016183
lkl04	1016195	1016710
lkl04	1016751	1017074
lkl04	1017129	1018385
lkl04	1018459	1019976
lkl04	1019976	1021487
lkl04	1021484	1021783
lkl04	1021840	1023540
lkl04	1023544	1025868
lkl04	1025841	1026536
lkl04	1026578	1027600
lkl04	1027557	1028657
lkl04	1028664	1029845
lkl04	1029900	1031999
lkl04	1032045	1034120
lkl04	1034117	1036252
lkl04	1036292	1037230
lkl04	1037227	1039005
lkl04	1039163	1040236
lkl04	1040238	1040519
lkl04	1040524	1041126
lkl04	1041299	1041856
lkl04	1041853	1042884
lkl04	1042892	1043446
lkl04	1043503	1044222
lkl04	1044310	1045137
lkl04	1045216	1046100
lkl04	1046417	1046878
lkl04	1046888	1047880
lkl04	1047856	1049022
lkl04	1049016	1050542
lkl04	1050539	1050901
lkl04	1050991	1051314
lkl04	1051354	1052016
lkl04	1052013	1052753
lkl04	1052890	1053237
lkl04	1053406	1053873
lkl04	1053920	1054630
lkl04	1054632	1055237
lkl04	1055239	1055469
lkl04	1055474	1055884
lkl04	1056031	1057227
lkl04	1057234	1058784
lkl04	1058797	1059378
lkl04	1059437	1060078
lkl04	1060075	1061070
lkl04	1061195	1061524
lkl04	1061528	1062028
lkl04	1062073	1062945
lkl04	1062968	1063315
lkl04	1063407	1066910
lkl04	1067038	1067148
lkl04	1067334	1067591
lkl04	1067652	1068740
lkl04	1068737	1069654
lkl04	1069661	1070353
lkl04	1070364	1070573
lkl04	1070576	1071151
lkl04	1071193	1071690
lkl04	1071733	1073880
lkl04	1073919	1074527
lkl04	1074497	1075468
lkl04	1075491	1075967
lkl04	1075974	1076975
lkl04	1076953	1078101
lkl04	1078091	1078852
lkl04	1078858	1080222
lkl04	1080289	1080885
lkl04	1080887	1082329
lkl04	1082553	1083872
lkl04	1083869	1085179
lkl04	1085189	1086283
lkl04	1086388	1086948
lkl04	1086945	1088012
lkl04	1088070	1088142
lkl04	1088257	1088895
lkl04	1088968	1089237
lkl04	1089272	1091335
lkl04	1091328	1092311
lkl04	1092308	1093090
lkl04	1093207	1093980
lkl04	1094104	1096116
lkl04	1096120	1096338
lkl04	1096425	1096496
lkl04	1096566	1098080
lkl04	1098123	1099358
lkl04	1099351	1100118
lkl04	1100122	1101216
lkl04	1101266	1102318
lkl04	1102353	1103900
lkl04	1103966	1104508
lkl04	1104548	1106152
lkl04	1106275	1106616
lkl04	1106624	1107106
lkl04	1107214	1108239
lkl04	1108285	1108794
lkl04	1108797	1110590
lkl04	1110632	1112338
lkl04	1112348	1113115
lkl04	1113112	1114524
lkl04	1114598	1114852
lkl04	1114865	1116046
lkl04	1116043	1116693
lkl04	1116695	1117468
lkl04	1117543	1118364
lkl04	1118371	1119834
lkl04	1119922	1120758
lkl04	1120766	1121443
lkl04	1121440	1122162
lkl04	1122201	1123115
lkl04	1123119	1123910
lkl04	1123907	1124725
lkl04	1124722	1125324
lkl04	1125312	1125524
lkl04	1125740	1126738
lkl04	1126816	1126888
lkl04	1127004	1127828
lkl04	1127825	1128388
lkl04	1128449	1128820
lkl04	1128923	1129333
lkl04	1129372	1130841
lkl04	1130838	1131056
lkl04	1131060	1131536
lkl04	1131602	1132516
lkl04	1132513	1133571
lkl04	1133629	1134390
lkl04	1134377	1134958
lkl04	1134955	1135599
lkl04	1135621	1136442
lkl04	1136557	1137669
lkl04	1137690	1138970
lkl04	1138978	1139388
lkl04	1139385	1139852
lkl04	1139827	1140216
lkl04	1140226	1140429
lkl04	1140453	1141364
lkl04	1141361	1142221
lkl04	1142218	1143381
lkl04	1143494	1143575
lkl04	1143647	1144426
lkl04	1144427	1145353
lkl04	1145415	1147781
lkl04	1148039	1148992
lkl04	1149047	1149640
lkl04	1149637	1150380
lkl04	1150377	1151204
lkl04	1151261	1152589
lkl04	1152568	1152834
lkl04	1152876	1154429
lkl04	1154405	1155691
lkl04	1155920	1156609
lkl04	1156638	1157483
lkl04	1157493	1157717
lkl04	1157794	1158936
lkl04	1158966	1161497
lkl04	1161494	1162561
lkl04	1162568	1164013
lkl04	1164010	1165251
lkl04	1165304	1166767
lkl04	1166825	1168102
lkl04	1168118	1168927
lkl04	1168924	1169433
lkl04	1169516	1169589
lkl04	1169647	1170120
lkl04	1170192	1170740
lkl04	1170737	1171801
lkl04	1171798	1172682
lkl04	1172679	1174232
lkl04	1174238	1174579
lkl04	1174576	1174884
lkl04	1174881	1175756
lkl04	1175783	1178701
lkl04	1178780	1179904
lkl04	1180031	1181446
lkl04	1181545	1182387
lkl04	1182236	1183948
lkl04	1183945	1184847
lkl04	1184912	1186141
lkl04	1186171	1189452
lkl04	1189449	1192526
lkl04	1192692	1192913
lkl04	1192915	1193205
lkl04	1193222	1193956
lkl04	1194101	1195621
lkl04	1195633	1196511
lkl04	1196568	1197581
lkl04	1197613	1199031
lkl04	1199042	1200820
lkl04	1200802	1201473
lkl04	1201470	1202180
lkl04	1202253	1203515
lkl04	1203512	1204051
lkl04	1204048	1205181
lkl04	1205201	1205587
lkl04	1205662	1206300
lkl04	1206366	1206539
lkl04	1206633	1207832
lkl04	1207814	1208890
lkl04	1208928	1209872
lkl04	1209878	1210309
lkl04	1210338	1211633
lkl04	1211734	1212846
lkl04	1212854	1213174
lkl04	1213184	1213576
lkl04	1213603	1213917
lkl04	1213914	1214564
lkl04	1214621	1216534
lkl04	1216662	1218347
lkl04	1218413	1220542
lkl04	1220535	1221461
lkl04	1221463	1222446
lkl04	1222676	1223272
lkl04	1223284	1225005
lkl04	1225002	1225943
lkl04	1225933	1226862
lkl04	1227050	1228678
lkl04	1228887	1229669
lkl04	1229886	1230908
lkl04	1231164	1234010
lkl04	1234007	1234387
lkl04	1234384	1235502
lkl04	1235514	1236878
lkl04	1237194	1238363
lkl04	1238504	1239181
lkl04	1239197	1240525
lkl04	1240522	1242054
lkl04	1242054	1242908
lkl04	1242910	1244049
lkl04	1244049	1245011
lkl04	1245016	1246893
lkl04	1247037	1248509
lkl04	1248752	1249300
lkl04	1249331	1249897
lkl04	1250032	1250235
lkl04	1250261	1251184
lkl04	1251329	1251661
lkl04	1251679	1252611
lkl04	1252627	1253400
lkl04	1253410	1254543
lkl04	1254594	1255184
lkl04	1255214	1256533
lkl04	1256511	1256792
lkl04	1256928	1257917
lkl04	1258101	1259132
lkl04	1259199	1260410
lkl04	1260520	1261044
lkl04	1261041	1262075
lkl04	1262155	1263450
lkl04	1263461	1263682
lkl04	1263682	1264305
lkl04	1264302	1264940
lkl04	1264988	1266385
lkl04	1266396	1267376
lkl04	1267373	1268029
lkl04	1268096	1269454
lkl04	1269634	1270782
lkl04	1270853	1271638
lkl04	1271758	1272462
lkl04	1272434	1272724
lkl04	1272785	1273189
lkl04	1273261	1273740
lkl04	1273760	1275007
lkl04	1275004	1276188
lkl04	1276244	1276810
lkl04	1276921	1277733
lkl04	1277739	1277811
lkl04	1277901	1279307
lkl04	1279328	1280632
lkl04	1280605	1281123
lkl04	1281163	1281666
lkl04	1281709	1282989
lkl04	1283084	1283764
lkl04	1283773	1284783
lkl04	1284773	1285129
lkl04	1285192	1286439
lkl04	1286345	1287256
lkl04	1287301	1287753
lkl04	1287785	1289068
lkl04	1289099	1289695
lkl04	1289813	1291243
lkl04	1291316	1293988
lkl04	1294067	1297654
lkl04	1297709	1298293
lkl04	1298360	1298989
lkl04	1299244	1299360
lkl04	1299478	1301067
lkl04	1301160	1301546
lkl04	1301582	1302322
lkl04	1302319	1303797
lkl04	1303877	1305430
lkl04	1305427	1306293
lkl04	1306290	1306766
lkl04	1306945	1307982
lkl04	1307954	1309426
lkl04	1309428	1309499
lkl04	1309568	1313176
lkl04	1313263	1313760
lkl04	1313768	1314688
lkl04	1314689	1316497
lkl04	1316508	1316819
lkl04	1316822	1318132
lkl04	1318171	1319097
lkl04	1319094	1320167
lkl04	1320261	1321829
lkl04	1321789	1322703
lkl04	1322857	1323696
lkl04	1323751	1324173
lkl04	1324267	1325571
lkl04	1325568	1326563
lkl04	1326560	1327330
lkl04	1327327	1328244
lkl04	1328241	1329479
lkl04	1329476	1330159
lkl04	1330149	1331510
lkl04	1331507	1332655
lkl04	1332688	1333959
lkl04	1333956	1334984
lkl04	1334963	1335865
lkl04	1335862	1337430
lkl04	1337494	1338507
lkl04	1338689	1340710
lkl04	1340854	1342101
lkl04	1342169	1343776
lkl04	1343776	1344705
lkl04	1344695	1345525
lkl04	1345549	1347141
lkl04	1347168	1348289
lkl04	1348286	1349443
lkl04	1349444	1355374
lkl04	1355416	1356408
lkl04	1356405	1357754
lkl04	1357751	1360228
lkl04	1360277	1361494
lkl04	1361491	1362342
lkl04	1362335	1362877
lkl04	1362877	1363623
lkl04	1363700	1367572
lkl04	1367574	1368917
lkl04	1368966	1369946
lkl04	1369954	1370316
lkl04	1370399	1371262
lkl04	1371322	1372503
lkl04	1372500	1373552
lkl04	1373549	1374403
lkl04	1374400	1375587
lkl04	1375747	1376835
lkl04	1376923	1377711
lkl04	1377708	1378976
lkl04	1379043	1379423
lkl04	1379483	1380613
lkl04	1380617	1381078
lkl04	1381120	1381533
lkl04	1381530	1381955
lkl04	1382040	1383212
lkl04	1383212	1383694
lkl04	1383743	1384741
lkl04	1384849	1386954
lkl04	1386985	1388331
lkl04	1388395	1389351
lkl04	1389348	1390271
lkl04	1390427	1390759
lkl04	1390764	1392053
lkl04	1392250	1393227
lkl04	1393255	1395387
lkl04	1395393	1395815
lkl04	1395834	1396067
lkl04	1396524	1397729
lkl04	1397739	1398143
lkl04	1398196	1398969
lkl04	1398966	1400123
lkl04	1400165	1401436
lkl04	1401439	1402317
lkl04	1402314	1402796
lkl04	1402783	1404015
lkl04	1404017	1405681
lkl04	1405678	1407318
lkl04	1407371	1408192
lkl04	1408502	1409509
lkl04	1409647	1410906
lkl04	1410908	1412029
lkl04	1412026	1412940
lkl04	1412937	1414841
lkl04	1414899	1416731
lkl04	1416742	1418388
lkl04	1418407	1418751
lkl04	1418759	1419235
lkl04	1419239	1420042
lkl04	1420152	1421225
lkl04	1421265	1421846
lkl04	1421847	1423235
lkl04	1423232	1423594
lkl04	1423717	1424490
lkl04	1424490	1425125
lkl04	1425106	1425885
lkl04	1425894	1427147
lkl04	1427149	1428306
lkl04	1428391	1429029
lkl04	1429076	1429750
lkl04	1429747	1430559
lkl04	1430556	1432118
lkl04	1432171	1432557
lkl04	1432565	1433074
lkl04	1433230	1433302
lkl04	1433357	1434352
lkl04	1434425	1435051
lkl04	1435068	1435946
lkl04	1436023	1436613
lkl04	1436628	1436900
lkl04	1436937	1437395
lkl04	1437566	1441258
lkl04	1441451	1441975
lkl04	1442035	1443654
lkl04	1443651	1444001
lkl04	1444127	1444975
lkl04	1445004	1445366
lkl04	1445391	1446050
lkl04	1446106	1447017
lkl04	1447123	1447392
lkl04	1447393	1448235
lkl04	1448341	1448523
lkl04	1448524	1448913
lkl04	1448921	1450621
lkl04	1450716	1451240
lkl04	1451313	1451783
lkl04	1451832	1452206
lkl04	1452282	1454009
lkl04	1454006	1456045
lkl04	1456092	1457183
lkl04	1457202	1457501
lkl04	1457537	1458553
lkl04	1458602	1460404
lkl04	1460410	1462719
lkl04	1462762	1463556
lkl04	1463593	1463757
lkl04	1463797	1464117
lkl04	1464166	1465068
lkl04	1465078	1465710
lkl04	1465755	1466633
lkl04	1466696	1466992
lkl04	1467028	1467429
lkl04	1467426	1468469
lkl04	1468505	1468897
lkl04	1468917	1470290
lkl04	1470372	1470980
lkl04	1471047	1471328
lkl04	1471335	1471847
lkl04	1471960	1474152
lkl04	1474316	1475008
lkl04	1475010	1476239
lkl04	1476236	1476781
lkl04	1476778	1477194
lkl04	1477160	1478194
lkl04	1478283	1479119
lkl04	1479526	1480308
lkl04	1480363	1481157
lkl04	1481166	1481501
lkl04	1481517	1482338
lkl04	1482507	1483817
lkl04	1483870	1484274
lkl04	1484308	1485210
lkl04	1485255	1485656
lkl04	1485728	1486528
lkl04	1486946	1489324
lkl04	1489429	1490052
lkl04	1490084	1490806
lkl04	1490891	1491166
lkl04	1491211	1492032
lkl04	1492112	1492420
lkl04	1493359	1496526
lkl04	1496505	1497305
lkl04	1497302	1499305
lkl04	1499310	1502459
lkl04	1502695	1502766
lkl04	1502814	1503629
lkl04	1503680	1504177
lkl04	1504306	1505277
lkl04	1505283	1505519
lkl04	1505594	1506544
lkl04	1506570	1507250
lkl04	1507395	1507793
lkl04	1507790	1508077
lkl04	1508109	1508666
lkl04	1508663	1509808
lkl04	1510119	1510505
lkl04	1510502	1510780
lkl04	1511002	1511664
lkl04	1511671	1512567
lkl04	1512587	1512880
lkl04	1512912	1513283
lkl04	1513235	1514023
lkl04	1514144	1515034
lkl04	1515038	1515520
lkl04	1515666	1515947
lkl04	1516033	1516392
lkl04	1516424	1516708
lkl04	1516825	1517421
lkl04	1517520	1518944
lkl04	1519110	1519232
lkl04	1519299	1520333
lkl04	1520355	1523765
lkl04	1523765	1525348
lkl04	1525348	1526034
lkl04	1526278	1526952
lkl04	1527130	1527600
lkl04	1527601	1528158
lkl04	1528142	1528741
lkl04	1528795	1530003
lkl04	1530028	1530525
lkl04	1530831	1531709
lkl04	1531930	1532634
lkl04	1532743	1533861
lkl04	1533933	1534736
lkl04	1534720	1535103
lkl04	1535209	1535487
lkl04	1535489	1537195
lkl04	1537223	1538866
lkl04	1538876	1540324
lkl04	1540424	1541116
lkl04	1541205	1542848
lkl04	1542963	1543250
lkl04	1543322	1543612
lkl04	1543747	1545366
lkl04	1545825	1546028
lkl04	1546161	1546793
lkl04	1546803	1547063
lkl04	1547152	1547562
lkl04	1547576	1548529
lkl04	1548539	1549567
lkl04	1549661	1551817
lkl04	1552049	1552759
lkl04	1552790	1553749
lkl04	1553746	1554210
lkl04	1554269	1554637
lkl04	1554634	1555530
lkl04	1555554	1556420
lkl04	1556440	1556874
lkl04	1557012	1559750
lkl04	1559843	1560109
lkl04	1560119	1561108
lkl04	1561228	1562028
lkl04	1562039	1563118
lkl04	1563191	1564984
lkl04	1565041	1565667
lkl04	1565681	1566571
lkl04	1566661	1568094
lkl04	1568142	1568804
lkl04	1568801	1569820
lkl04	1569844	1570893
lkl04	1570993	1572144
lkl04	1572350	1574254
lkl04	1574262	1575578
lkl04	1575663	1576241
lkl04	1576320	1576994
lkl04	1577035	1578609
lkl04	1578617	1579699
lkl04	1579743	1580702
lkl04	1580808	1581626
lkl04	1581648	1582118
lkl04	1582180	1583169
lkl04	1583188	1585833
lkl04	1585978	1586796
lkl04	1586973	1587560
lkl04	1587550	1588314
lkl04	1588380	1588640
lkl04	1588642	1590090
lkl04	1590113	1591009
lkl04	1591033	1592673
lkl04	1592748	1593536
lkl04	1593536	1594090
lkl04	1594121	1594354
lkl04	1594401	1595240
lkl04	1595323	1595817
lkl04	1595814	1596974
lkl04	1596971	1597666
lkl04	1597736	1598626
lkl04	1598757	1599692
lkl04	1599722	1600327
lkl04	1600334	1601413
lkl04	1601424	1603472
lkl04	1603635	1604567
lkl04	1604564	1605646
lkl04	1605648	1606985
lkl04	1606982	1608406
lkl04	1608515	1609291
lkl04	1609293	1610960
lkl04	1610991	1612163
lkl04	1612227	1613051
lkl04	1613152	1613943
lkl04	1613956	1614600
lkl04	1614736	1615731
lkl04	1615719	1616444
lkl04	1616516	1616588
lkl04	1616646	1616792
lkl04	1616879	1617199
lkl04	1617209	1617273
lkl04	1617313	1618017
lkl04	1618346	1618528
lkl04	1618550	1619113
lkl04	1619125	1619280
lkl04	1619369	1619851
lkl04	1619935	1620786
lkl04	1620786	1621532
lkl04	1621592	1622425
lkl04	1622591	1624561
lkl04	1624624	1625358
lkl04	1625427	1626239
lkl04	1626236	1626679
lkl04	1626687	1627400
lkl04	1627397	1627879
lkl04	1627923	1628876
lkl04	1628981	1630489
lkl04	1630486	1631436
lkl04	1631436	1632317
lkl04	1632314	1633105
lkl04	1633102	1633899
lkl04	1633941	1634999
lkl04	1634983	1635309
lkl04	1635287	1635910
lkl04	1635927	1636613
lkl04	1636610	1637128
lkl04	1637187	1638680
lkl04	1638687	1639472
lkl04	1639638	1640960
lkl04	1641047	1641520
lkl04	1641517	1641792
lkl04	1641789	1642595
lkl04	1642759	1643961
lkl04	1643969	1645420
lkl04	1645417	1645899
lkl04	1645964	1647181
lkl04	1647178	1647519
lkl04	1647533	1648735
lkl04	1648765	1649589
lkl04	1649620	1650693
lkl04	1650700	1651752
lkl04	1651749	1653065
lkl04	1653194	1654648
lkl04	1654797	1658501
lkl04	1658577	1658822
lkl04	1658819	1659472
lkl04	1659564	1660448
lkl04	1660445	1661164
lkl04	1661181	1661819
lkl04	1661873	1663201
lkl04	1663198	1664238
lkl04	1664261	1664725
lkl04	1664726	1665142
lkl04	1665350	1665598
lkl04	1665617	1667110
lkl04	1667180	1668418
lkl04	1668415	1669044
lkl04	1669142	1669414
lkl04	1669443	1670036
lkl04	1670179	1670616
lkl04	1670623	1671846
lkl04	1671919	1674702
lkl04	1674882	1676210
lkl04	1676210	1677040
lkl04	1677111	1677770
lkl04	1677887	1678561
lkl04	1678651	1680327
lkl04	1680324	1682003
lkl04	1682023	1682802
lkl04	1682850	1685189
lkl04	1685234	1685668
lkl04	1685730	1687187
lkl04	1687210	1687416
lkl04	1687468	1688061
lkl04	1688055	1688744
lkl04	1688741	1689358
lkl04	1689411	1690037
lkl04	1690067	1690489
lkl04	1690517	1691905
lkl04	1691902	1694763
lkl04	1694830	1695150
lkl04	1695292	1696437
lkl04	1696497	1697897
lkl04	1697894	1699216
lkl04	1699272	1701203
lkl04	1701200	1702186
lkl04	1702183	1703169
lkl04	1703166	1706306
lkl04	1706325	1707248
lkl04	1707245	1708123
lkl04	1708151	1709323
lkl04	1709334	1710086
lkl04	1710088	1710867
lkl04	1710918	1712063
lkl04	1712167	1713297
lkl04	1713486	1715339
lkl04	1715416	1716354
lkl04	1716391	1717143
lkl04	1717143	1718006
lkl04	1718139	1719998
lkl04	1720133	1721242
lkl04	1721277	1722737
lkl04	1722763	1723278
lkl04	1723328	1724455
lkl04	1724510	1724962
lkl04	1725146	1725928
lkl04	1726010	1727656
lkl04	1727653	1727880
lkl04	1728106	1729182
lkl04	1729179	1730393
lkl04	1730383	1731039
lkl04	1731056	1732336
lkl04	1732378	1733034
lkl04	1733116	1734897
lkl04	1734940	1735386
lkl04	1735397	1736857
lkl04	1736942	1737772
lkl04	1737769	1739433
lkl04	1739430	1740005
lkl04	1740178	1740408
lkl04	1740444	1742336
lkl04	1742477	1742806
lkl04	1742803	1743078
lkl04	1743086	1744753
lkl04	1744783	1746408
lkl04	1746488	1746928
lkl04	1746925	1748088
lkl04	1748085	1748843
lkl04	1748914	1749822
lkl04	1749979	1751094
lkl04	1751118	1752410
lkl04	1752407	1752805
lkl04	1752856	1754142
lkl04	1754139	1755449
lkl04	1755446	1756960
lkl04	1757072	1758196
lkl04	1758368	1759480
lkl04	1759711	1760145
lkl04	1760145	1760606
lkl04	1760654	1762480
lkl04	1762480	1763247
lkl04	1763270	1764409
lkl04	1764413	1765282
lkl04	1765330	1766334
lkl04	1766327	1766752
lkl04	1766885	1767652
lkl04	1767941	1768498
lkl04	1768548	1769411
lkl04	1769413	1770945
lkl04	1770998	1772695
lkl04	1772828	1773787
lkl04	1773998	1775080
lkl04	1775080	1775727
lkl04	1775724	1777004
lkl04	1777001	1777474
lkl04	1777524	1777874
lkl04	1778010	1779494
lkl04	1779624	1780616
lkl04	1780626	1781447
lkl04	1781444	1782325
lkl04	1782322	1783263
lkl04	1783368	1783580
lkl04	1783585	1785459
lkl04	1785531	1787432
lkl04	1787543	1788976
lkl04	1789129	1790079
lkl04	1790076	1791314
lkl04	1791311	1792615
lkl04	1792736	1792912
lkl04	1792974	1793588
lkl04	1793585	1794169
lkl04	1794166	1794561
lkl04	1794561	1794749
lkl04	1794746	1795219
lkl04	1795359	1795709
lkl04	1795714	1796292
lkl04	1796289	1796840
lkl04	1796943	1797968
lkl04	1797982	1798323
lkl04	1798484	1800142
lkl04	1800232	1800468
lkl04	1800571	1801176
lkl04	1801264	1803144
lkl04	1803161	1804543
lkl04	1804643	1806145
lkl04	1806142	1806825
lkl04	1806849	1808360
lkl04	1808390	1809553
lkl04	1809553	1810338
lkl04	1810323	1811102
lkl04	1811106	1812074
lkl04	1812114	1812917
lkl04	1813084	1813944
lkl04	1814037	1814810
lkl04	1814807	1815556
lkl04	1815703	1816593
lkl04	1816718	1817992
lkl04	1818031	1818114
lkl04	1818188	1819660
lkl04	1819648	1820796
lkl04	1820818	1821717
lkl04	1821719	1822681
lkl04	1822678	1823649
lkl04	1823684	1824946
lkl04	1825022	1826158
lkl04	1826275	1826670
lkl04	1826667	1828034
lkl04	1828025	1828648
lkl04	1828766	1829194
lkl04	1829307	1830731
lkl04	1830795	1831247
lkl04	1831310	1833526
lkl04	1833641	1834609
lkl04	1834610	1835617
lkl04	1835890	1837206
lkl04	1837220	1838218
lkl04	1838215	1839111
lkl04	1839108	1841609
lkl04	1841606	1842571
lkl04	1842568	1843491
lkl04	1843662	1845473
lkl04	1845470	1847290
lkl04	1847603	1848094
lkl04	1848091	1849596
lkl04	1849661	1850233
lkl04	1850224	1850793
lkl04	1850790	1851284
lkl04	1851289	1852572
lkl04	1852569	1852901
lkl04	1852996	1853283
lkl04	1854117	1854404
lkl04	1854938	1855723
lkl04	1855720	1856328
lkl04	1856330	1856947
lkl04	1856985	1858199
lkl04	1858199	1858492
lkl04	1858572	1858859
lkl04	1859065	1859349
lkl04	1859346	1860905
lkl04	1861041	1861412
lkl04	1861409	1862050
lkl04	1862096	1866625
lkl04	1866650	1868059
lkl04	1868168	1868713
lkl04	1868733	1870340
lkl04	1870378	1870959
lkl04	1870964	1872307
lkl04	1872367	1872708
lkl04	1872764	1874191
lkl04	1874334	1875236
lkl04	1875274	1876440
lkl04	1876576	1877340
lkl04	1877344	1877946
lkl04	1877943	1879139
lkl04	1879292	1879792
lkl04	1879794	1881308
lkl04	1881383	1882048
lkl04	1882108	1883334
lkl04	1883388	1884428
lkl04	1884473	1885651
lkl04	1885659	1886672
lkl04	1886726	1887790
lkl04	1887858	1889306
lkl04	1889406	1891862
lkl04	1891923	1893026
lkl04	1893100	1894740
lkl04	1894713	1895393
lkl04	1895386	1896552
lkl04	1896768	1898270
lkl04	1898267	1898626
lkl04	1898715	1900178
lkl04	1900382	1900807
lkl04	1900792	1901421
lkl04	1901496	1901915
lkl04	1901975	1905088
lkl04	1905243	1906319
lkl04	1906316	1907248
lkl04	1907280	1908530
lkl04	1908621	1909619
lkl04	1909784	1910680
lkl04	1911034	1912626
lkl04	1912751	1914331
lkl04	1914328	1914846
lkl04	1914857	1915720
lkl04	1915720	1916841
lkl04	1916888	1918576
lkl04	1918706	1918822
lkl04	1918920	1922028
lkl04	1922398	1923924
lkl04	1924462	1925967
lkl04	1926152	1927489
lkl04	1927493	1928470
lkl04	1928460	1929464
lkl04	1929461	1930234
lkl04	1930367	1931635
lkl04	1931791	1932729
lkl04	1932860	1933156
lkl04	1933308	1934507
lkl04	1934509	1935003
lkl04	1935000	1936058
lkl04	1936060	1936557
lkl04	1936554	1937222
lkl04	1937262	1937765
lkl04	1937762	1938886
lkl04	1938883	1939239
lkl04	1939504	1940091
lkl04	1940210	1941010
lkl04	1941053	1942363
lkl04	1942587	1943180
lkl04	1943182	1945083
lkl04	1945189	1945698
lkl04	1945779	1946282
lkl04	1946270	1947667
lkl04	1947670	1948674
lkl04	1948671	1949540
lkl04	1949622	1950569
lkl04	1950703	1952274
lkl04	1952278	1953171
lkl04	1953421	1954797
lkl04	1954794	1956365
lkl04	1956483	1956626
lkl04	1956630	1958468
lkl04	1958629	1960092
lkl04	1960159	1960329
lkl04	1960384	1961457
lkl04	1961787	1962290
lkl04	1962525	1963238
lkl04	1963284	1964546
lkl04	1964614	1964733
lkl04	1964735	1965160
lkl04	1965434	1965874
lkl04	1965959	1967302
lkl04	1967310	1967795
lkl04	1967825	1968271
lkl04	1968309	1969610
lkl04	1969610	1970767
lkl04	1970848	1971408
lkl04	1971401	1972360
lkl04	1972531	1973100
lkl04	1973094	1974320
lkl04	1974412	1975440
lkl04	1975398	1976420
lkl04	1976425	1976709
lkl04	1976702	1977181
lkl04	1977277	1978773
lkl04	1978777	1979661
lkl04	1979661	1981361
lkl04	1981363	1981731
lkl04	1981807	1983465
lkl04	1983548	1985056
lkl04	1985102	1986751
lkl04	1986751	1987881
lkl04	1987919	1989715
lkl04	1989804	1990361
lkl04	1990404	1991099
lkl04	1991152	1992138
lkl04	1992204	1993271
lkl04	1993800	1995524
lkl04	1995545	1996378
lkl04	1996565	1997197
lkl04	1997419	1997976
lkl04	1998078	1998920
lkl04	1998943	1999848
lkl04	1999891	2000733
lkl04	2000931	2002871
lkl04	2002992	2003564
lkl04	2003622	2004611
lkl04	2004729	2005127
lkl04	2005162	2005536
lkl04	2005683	2005799
lkl04	2005863	2006084
lkl04	2006469	2007458
lkl04	2007871	2008548
lkl04	2008561	2009394
lkl04	2009394	2009987
lkl04	2009984	2011309
lkl04	2011410	2011970
lkl04	2011970	2012158
lkl04	2012155	2012841
lkl04	2012838	2013197
lkl04	2013200	2013736
lkl04	2013743	2014141
lkl04	2014276	2014866
lkl04	2014869	2015228
lkl04	2015231	2015599
lkl04	2015603	2015932
lkl04	2015932	2016246
lkl04	2016246	2016665
lkl04	2016665	2017420
lkl04	2017420	2017815
lkl04	2017856	2018137
lkl04	2018150	2018989
lkl04	2019014	2019313
lkl04	2019310	2019972
lkl04	2019975	2020634
lkl04	2020646	2020954
lkl04	2021366	2021581
lkl04	2021725	2022915
lkl04	2023064	2025178
lkl04	2025256	2025726
lkl04	2025732	2026100
lkl04	2026406	2027704
lkl04	2027747	2028406
lkl04	2028473	2028940
lkl04	2028957	2030015
lkl04	2030147	2030752
lkl04	2030757	2031431
lkl04	2031550	2035425
lkl04	2035467	2038964
lkl04	2039218	2039835
lkl04	2039832	2041370
lkl04	2041367	2042122
lkl04	2042253	2043089
lkl04	2043114	2044061
lkl04	2044058	2045107
lkl04	2045112	2046014
lkl04	2046092	2046544
lkl04	2046541	2047905
lkl04	2047912	2050323
lkl04	2050320	2050994
lkl04	2051173	2052702
lkl04	2052763	2053704
lkl04	2053701	2055584
lkl04	2055581	2056438
lkl04	2056514	2058922
lkl04	2058919	2060031
lkl04	2060047	2062824
lkl04	2062845	2064617
lkl04	2064673	2065065
lkl04	2065067	2065651
lkl04	2065644	2067509
lkl04	2067773	2068600
lkl04	2068631	2070388
lkl04	2070390	2070860
lkl04	2070860	2071630
lkl04	2071627	2072421
lkl04	2072418	2073266
lkl04	2073283	2074038
lkl04	2074040	2075755
lkl04	2075833	2075970
lkl04	2075980	2076825
lkl04	2076822	2077754
lkl04	2077748	2079433
lkl04	2079482	2080699
lkl04	2080696	2081559
lkl04	2081723	2082472
lkl04	2082664	2086389
lkl04	2086434	2086994
lkl04	2087127	2087636
lkl04	2087734	2089527
lkl04	2089535	2090524
lkl04	2090542	2091318
lkl04	2091340	2091717
lkl04	2092013	2093335
lkl04	2093585	2093989
lkl04	2093986	2094762
lkl04	2094867	2098673
lkl04	2098741	2099928
lkl04	2099925	2101115
lkl04	2101138	2102037
lkl04	2102198	2103724
lkl04	2103721	2104392
lkl04	2104450	2105058
lkl04	2105125	2106102
lkl04	2106113	2106685
lkl04	2106687	2107163
lkl04	2107180	2108193
lkl04	2108360	2109583
lkl04	2109711	2110553
lkl04	2110772	2112631
lkl04	2112727	2114145
lkl04	2114111	2115070
lkl04	2115127	2115594
lkl04	2115630	2116478
lkl04	2116587	2117417
lkl04	2117433	2118203
lkl04	2118215	2118976
lkl04	2119108	2119833
lkl04	2119838	2120185
lkl04	2120257	2120643
lkl04	2120653	2121156
lkl04	2121172	2121960
lkl04	2121957	2123411
lkl04	2123415	2124053
lkl04	2124244	2125551
lkl04	2125561	2126493
lkl04	2126495	2127556
lkl04	2127608	2128084
lkl04	2128157	2128984
lkl04	2129154	2129420
lkl04	2129410	2129820
lkl04	2129817	2130242
lkl04	2130331	2131752
lkl04	2131804	2132379
lkl04	2132487	2133938
lkl04	2133992	2134363
lkl04	2134488	2135945
lkl04	2135942	2136433
lkl04	2136515	2137315
lkl04	2137393	2138793
lkl04	2138918	2140129
lkl04	2140236	2140505
lkl04	2140512	2141645
lkl04	2141711	2142892
lkl04	2142898	2143593
lkl04	2143612	2144505
lkl04	2144611	2146326
lkl04	2146393	2147877
lkl04	2147934	2148812
lkl04	2148980	2149783
lkl04	2149820	2150350
lkl04	2150347	2152329
lkl04	2152366	2154156
lkl04	2154302	2155276
lkl04	2155337	2156032
lkl04	2156029	2157648
lkl04	2157645	2159147
lkl04	2159210	2159746
lkl04	2159746	2160156
lkl04	2160332	2162221
lkl04	2162233	2163339
lkl04	2163336	2164379
lkl04	2164425	2165297
lkl04	2165294	2166496
lkl04	2166500	2167705
lkl04	2167830	2168486
lkl04	2168489	2169427
lkl04	2169424	2170416
lkl04	2170485	2171771
lkl04	2171997	2172890
lkl04	2172887	2174662
lkl04	2174823	2175155
lkl04	2175326	2175733
lkl04	2175730	2176113
lkl04	2176179	2178137
lkl04	2178143	2178817
lkl04	2178867	2179091
lkl04	2179125	2180441
lkl04	2180550	2181368
lkl04	2181414	2182451
lkl04	2182543	2183535
lkl04	2183644	2184975
lkl04	2184972	2185904
lkl04	2185939	2187030
lkl04	2187065	2188024
lkl04	2188132	2188929
lkl04	2189334	2191466
lkl04	2191551	2192426
lkl04	2192475	2193338
lkl04	2193432	2196656
lkl04	2196653	2197957
lkl04	2197971	2198906
lkl04	2199014	2199502
lkl04	2199613	2201907
lkl04	2202345	2203346
lkl04	2203453	2203815
lkl04	2203812	2204978
lkl04	2204986	2205843
lkl04	2205840	2207258
lkl04	2207303	2208622
lkl04	2208632	2209132
lkl04	2209219	2210739
lkl04	2210891	2212540
lkl04	2212533	2213192
lkl04	2213196	2213834
lkl04	2214048	2215316
lkl04	2215335	2216357
lkl04	2216448	2217206
lkl04	2217267	2217905
lkl04	2217909	2218058
lkl04	2218158	2219162
lkl04	2219426	2219572
lkl04	2219576	2220154
lkl04	2220207	2221046
lkl04	2221123	2222358
lkl04	2222355	2223026
lkl04	2223095	2223664
lkl04	2223878	2224762
lkl04	2224759	2225850
lkl04	2225906	2227291
lkl04	2227367	2229169
lkl04	2229249	2230613
lkl04	2230660	2231232
lkl04	2231293	2231997
lkl04	2232068	2233705
lkl04	2233775	2234896
lkl04	2234893	2235585
lkl04	2235578	2236705
lkl04	2236731	2237561
lkl04	2237728	2239044
lkl04	2239167	2241377
lkl04	2241430	2242398
lkl04	2242512	2242646
lkl04	2242704	2243084
lkl04	2243123	2243335
lkl04	2243342	2244436
lkl04	2244438	2245637
lkl04	2245815	2246405
lkl04	2246448	2247374
lkl04	2247550	2247984
lkl04	2247995	2248978
lkl04	2248991	2249581
lkl04	2249584	2251446
lkl04	2251627	2252178
lkl04	2252188	2253141
lkl04	2253222	2253581
lkl04	2253677	2254084
lkl04	2254104	2254682
lkl04	2255088	2255489
lkl04	2255578	2256021
lkl04	2256018	2256647
lkl04	2256638	2258236
lkl04	2258233	2259171
lkl04	2259200	2260297
lkl04	2260294	2260950
lkl04	2260953	2261633
lkl04	2261695	2262924
lkl04	2262926	2264095
lkl04	2264082	2265743
lkl04	2265971	2266741
lkl04	2266749	2268491
lkl04	2268488	2269834
lkl04	2269917	2270858
lkl04	2270978	2271910
lkl04	2271919	2273196
lkl04	2273204	2274157
lkl04	2274163	2274894
lkl04	2274905	2275873
lkl04	2275866	2276843
lkl04	2276885	2278441
lkl04	2278726	2279709
lkl04	2279730	2281307
lkl04	2281480	2282886
lkl04	2282984	2283619
lkl04	2283678	2286023
lkl04	2286020	2287006
lkl04	2287104	2288249
lkl04	2288304	2289062
lkl04	2289079	2290746
lkl04	2290817	2291335
lkl04	2291480	2291968
lkl04	2292024	2292878
lkl04	2293024	2293878
lkl04	2293891	2294496
lkl04	2294685	2296691
lkl04	2296770	2297360
lkl04	2297344	2298384
lkl04	2298413	2299297
lkl04	2299340	2300539
lkl04	2300568	2300936
lkl04	2300999	2301069
lkl04	2301486	2302742
lkl04	2302803	2303939
lkl04	2304155	2306065
lkl04	2306068	2306961
lkl04	2306968	2307876
lkl04	2307940	2309241
lkl04	2309366	2310424
lkl04	2310493	2310798
lkl04	2310996	2311805
lkl04	2311813	2312700
lkl04	2312887	2313639
lkl04	2313689	2314033
lkl04	2314143	2315189
lkl04	2315314	2316192
lkl04	2316200	2316559
lkl04	2316636	2317169
lkl04	2317302	2317631
lkl04	2317775	2318647
lkl04	2318725	2321301
lkl04	2321298	2321678
lkl04	2321675	2322910
lkl04	2322907	2324055
lkl04	2324052	2324753
lkl04	2324760	2325635
lkl04	2325632	2326861
lkl04	2326977	2328368
lkl04	2328425	2329528
lkl04	2329535	2331517
lkl04	2331600	2331878
lkl04	2332125	2333066
lkl04	2333088	2334119
lkl04	2334405	2334848
lkl04	2334913	2335524
lkl04	2335731	2336417
lkl04	2336490	2337116
lkl04	2337222	2338556
lkl04	2338643	2340028
lkl04	2340032	2340574
lkl04	2340758	2342263
lkl04	2342993	2343568
lkl04	2343880	2344086
lkl04	2344144	2344350
lkl04	2344794	2344971
lkl04	2345029	2347374
lkl04	2347666	2347917
lkl04	2348555	2348800
lkl04	2348804	2349535
lkl04	2349594	2350703
lkl04	2350788	2351765
lkl04	2352070	2352402
lkl04	2352762	2353280
lkl04	2353325	2353729
lkl04	2353800	2354105
lkl04	2354110	2354280
lkl04	2354280	2354516
lkl04	2354694	2355653
lkl04	2355650	2356075
lkl04	2356085	2356726
lkl04	2356814	2357479
lkl04	2357476	2358864
lkl04	2358854	2359627
lkl04	2359620	2360651
lkl04	2360641	2361069
lkl04	2361079	2361978
lkl04	2361975	2362787
lkl04	2362784	2363776
lkl04	2363848	2364180
lkl04	2364316	2364744
lkl04	2364749	2366083
lkl04	2366207	2367190
lkl04	2367187	2368326
lkl04	2368418	2369137
lkl04	2369134	2370066
lkl04	2370063	2371172
lkl04	2371259	2372278
lkl04	2372327	2373004
lkl04	2373027	2374325
lkl04	2374342	2374854
lkl04	2374940	2375662
lkl04	2375783	2376970
lkl04	2376967	2378580
lkl04	2378713	2379291
lkl04	2379742	2380173
lkl04	2380267	2381301
lkl04	2381347	2383053
lkl04	2383057	2384040
lkl04	2384057	2385061
lkl04	2385061	2386752
lkl04	2386749	2388017
lkl04	2388095	2389555
lkl04	2389670	2390734
lkl04	2390783	2391175
lkl04	2391147	2392439
lkl04	2392440	2392733
lkl04	2392790	2393347
lkl04	2393392	2394756
lkl04	2394803	2395156
lkl04	2395153	2395794
lkl04	2395890	2397026
lkl04	2397001	2397453
lkl04	2397575	2398567
lkl04	2398684	2398875
lkl04	2398902	2399699
lkl04	2399842	2401353
lkl04	2401480	2402316
lkl04	2402440	2402685
lkl04	2402682	2403620
lkl04	2403716	2404297
lkl04	2404308	2405960
lkl04	2406117	2406977
lkl04	2406974	2407753
lkl04	2407794	2408801
lkl04	2408923	2409246
lkl04	2409250	2409804
lkl04	2409829	2411307
lkl04	2411386	2412636
lkl04	2412686	2413009
lkl04	2413019	2413690
lkl04	2413672	2414007
lkl04	2414048	2415412
lkl04	2415451	2415897
lkl04	2416036	2416851
lkl04	2416851	2417786
lkl04	2417792	2418181
lkl04	2418183	2418521
lkl04	2418530	2419804
lkl04	2419868	2420113
lkl04	2420156	2420425
lkl04	2420463	2421467
lkl04	2421469	2421921
lkl04	2421923	2422297
lkl04	2422361	2422921
lkl04	2422938	2423735
lkl04	2423862	2425556
lkl04	2425584	2426504
lkl04	2426504	2427427
lkl04	2427424	2428728
lkl04	2428904	2430043
lkl04	2430047	2431039
lkl04	2431092	2432078
lkl04	2432215	2433765
lkl04	2433780	2434517
lkl04	2434519	2434944
lkl04	2435024	2435452
lkl04	2435551	2436138
lkl04	2436286	2436456
lkl04	2436523	2437125
lkl04	2437274	2437450
lkl04	2437655	2439829
lkl04	2439826	2440113
lkl04	2440131	2440412
lkl04	2440460	2441164
lkl04	2441303	2442685
lkl04	2442678	2443445
lkl04	2443463	2444485
lkl04	2444482	2444982
lkl04	2445039	2445947
lkl04	2446163	2446933
lkl04	2446930	2448318
lkl04	2448315	2448764
lkl04	2448770	2449342
lkl04	2449372	2450742
lkl04	2451194	2452288
lkl04	2452384	2454099
lkl04	2454357	2454809
lkl04	2454821	2455075
lkl04	2455129	2455647
lkl04	2455653	2456018
lkl04	2456131	2457105
lkl04	2457196	2457660
lkl04	2457747	2458703
lkl04	2458700	2459848
lkl04	2459838	2461181
lkl04	2461178	2462050
lkl04	2462157	2463308
lkl04	2463311	2464663
lkl04	2464660	2465637
lkl04	2465840	2466379
lkl04	2466571	2466900
lkl04	2466973	2467620
lkl04	2467678	2468076
lkl04	2468208	2468675
lkl04	2468678	2468878
lkl04	2468880	2470307
lkl04	2470371	2471894
lkl04	2471975	2474077
lkl04	2474077	2475693
lkl04	2475776	2476786
lkl04	2476861	2477184
lkl04	2477195	2478265
lkl04	2478316	2478651
lkl04	2478702	2479682
lkl04	2479682	2480611
lkl04	2480774	2481445
lkl04	2481411	2481914
lkl04	2481935	2483032
lkl04	2483039	2483353
lkl04	2483392	2483730
lkl04	2483740	2483877
lkl04	2484183	2485607
lkl04	2486039	2487181
lkl04	2487236	2488402
lkl04	2488395	2488883
lkl04	2488984	2491050
lkl04	2491105	2493663
lkl04	2493660	2494067
lkl04	2494089	2494826
lkl04	2494916	2494989
lkl04	2495004	2495076
lkl04	2495387	2495806
lkl04	2495796	2496449
lkl04	2496523	2496954
lkl04	2497013	2497582
lkl04	2497683	2498240
lkl04	2498248	2499123
lkl04	2499197	2499433
lkl04	2499489	2500283
lkl04	2500283	2500450
lkl04	2500447	2501085
lkl04	2501091	2502806
lkl04	2502877	2504697
lkl04	2504694	2506148
lkl04	2506145	2507521
lkl04	2507518	2508747
lkl04	2508760	2509296
lkl04	2509293	2510027
lkl04	2510171	2510254
lkl04	2510580	2511629
lkl04	2511809	2513128
lkl04	2513199	2514086
lkl04	2514089	2514997
lkl04	2514999	2517596
lkl04	2517618	2518655
lkl04	2518737	2519210
lkl04	2519496	2520101
lkl04	2520139	2520702
lkl04	2520743	2521258
lkl04	2521266	2522000
lkl04	2522038	2523513
lkl04	2523582	2524604
lkl04	2524663	2526342
lkl04	2526489	2526695
lkl04	2526700	2527377
lkl04	2527422	2528108
lkl04	2528115	2529329
lkl04	2529397	2530437
lkl04	2530520	2533435
lkl04	2533432	2533953
lkl04	2533950	2535521
lkl04	2535511	2536110
lkl04	2536107	2536382
lkl04	2536379	2536735
lkl04	2536737	2538632
lkl04	2538629	2539327
lkl04	2539324	2539935
lkl04	2539988	2541418
lkl04	2541761	2542744
lkl04	2542839	2544431
lkl04	2544428	2545477
lkl04	2545474	2546502
lkl04	2546528	2548063
lkl04	2548060	2549076
lkl04	2549066	2549773
lkl04	2549803	2550744
lkl04	2550741	2551079
lkl04	2551185	2552471
lkl04	2552475	2553584
lkl04	2553622	2554416
lkl04	2554413	2555168
lkl04	2555171	2556817
lkl04	2556844	2557050
lkl04	2557047	2557784
lkl04	2557781	2558287
lkl04	2558284	2559018
lkl04	2559083	2560624
lkl04	2560663	2560953
lkl04	2561029	2561724
lkl04	2561721	2562617
lkl04	2562614	2562997
lkl04	2563126	2564292
lkl04	2564670	2565968
lkl04	2565968	2566957
lkl04	2567047	2567961
lkl04	2567975	2568757
lkl04	2568768	2569631
lkl04	2569686	2570114
lkl04	2570121	2570852
lkl04	2570861	2570995
lkl04	2570992	2573313
lkl04	2573450	2574055
lkl04	2574107	2574628
lkl04	2574635	2574826
lkl04	2574925	2575263
lkl04	2575340	2576662
lkl04	2576890	2577177
lkl04	2577243	2577584
lkl04	2577608	2578576
lkl04	2578610	2579071
lkl04	2579068	2580363
lkl04	2580406	2582457
lkl04	2582520	2583584
lkl04	2583578	2584393
lkl04	2584390	2585604
lkl04	2585635	2586639
lkl04	2586641	2588314
lkl04	2588380	2588898
lkl04	2588899	2589816
lkl04	2589885	2592431
lkl04	2592438	2593145
lkl04	2593142	2593387
lkl04	2593619	2594893
lkl04	2594975	2596003
lkl04	2596000	2596917
lkl04	2596928	2598406
lkl04	2598427	2599491
lkl04	2599495	2600370
lkl04	2600410	2601768
lkl04	2601847	2602782
lkl04	2603012	2603335
lkl04	2603387	2604010
lkl04	2604007	2605497
lkl04	2605521	2606792
lkl04	2606837	2607190
lkl04	2607244	2607996
lkl04	2608004	2608336
lkl04	2608337	2608945
lkl04	2609031	2610143
lkl04	2610153	2611616
lkl04	2611635	2612867
lkl04	2612883	2613092
lkl04	2613241	2613801
lkl04	2613802	2614404
lkl04	2614406	2615257
lkl04	2615443	2615601
lkl04	2615786	2616055
lkl04	2616057	2617019
lkl04	2617051	2620413
lkl04	2620417	2621412
lkl04	2621559	2623724
lkl04	2623747	2624172
lkl04	2624174	2625232
lkl04	2625304	2626287
lkl04	2626430	2627593
lkl04	2627667	2628911
lkl04	2628934	2630478
lkl04	2630616	2631167
lkl04	2631169	2631990
lkl04	2632004	2632810
lkl04	2632807	2634588
lkl04	2634632	2635186
lkl04	2635332	2636249
lkl04	2636254	2637228
lkl04	2637232	2637540
lkl04	2637735	2639996
lkl04	2640010	2640234
lkl04	2640258	2641445
lkl04	2641451	2642161
lkl04	2642175	2642543
lkl04	2642540	2643997
lkl04	2644221	2644352
lkl04	2644288	2645364
lkl04	2645476	2647974
lkl04	2648065	2648577
lkl04	2648627	2649169
lkl04	2649222	2649758
lkl04	2650192	2652270
lkl04	2652277	2652720
lkl04	2652779	2653147
lkl04	2653153	2654223
lkl04	2654303	2655811
lkl04	2655935	2656303
lkl04	2656310	2658448
lkl04	2658685	2660790
lkl04	2660826	2661443
lkl04	2661446	2661886
lkl04	2661890	2664187
lkl04	2664367	2670471
lkl04	2670499	2671470
lkl04	2671470	2672798
lkl04	2672795	2675131
lkl04	2675128	2676189
lkl04	2676186	2677007
lkl04	2677007	2678470
lkl04	2678467	2680191
lkl04	2680201	2680635
lkl04	2680802	2681677
lkl04	2681870	2683417
lkl04	2683524	2683934
lkl04	2683931	2684392
lkl04	2684485	2685420
lkl04	2685417	2686442
lkl04	2686807	2687544
lkl04	2687534	2688487
lkl04	2688536	2689297
lkl04	2689487	2695051
lkl04	2695074	2696186
lkl04	2696170	2697210
lkl04	2697251	2699680
lkl04	2699839	2700906
lkl04	2700833	2702125
lkl04	2702122	2703528
lkl04	2703752	2704603
lkl04	2704531	2705658
lkl04	2705718	2706863
lkl04	2706865	2708298
lkl04	2708295	2709533
lkl04	2709533	2711056
lkl04	2711337	2713025
lkl04	2713044	2713304
lkl04	2713304	2714437
lkl04	2714622	2715173
lkl04	2715190	2716038
lkl04	2716077	2716406
lkl04	2716406	2716813
lkl04	2716836	2718080
lkl04	2718122	2720164
lkl04	2720226	2720978
lkl04	2721158	2721754
lkl04	2721802	2722065
lkl04	2722078	2722833
lkl04	2723061	2724314
lkl04	2724356	2724502
lkl04	2724593	2724665
lkl04	2724748	2724821
lkl04	2724843	2724915
lkl04	2725025	2726569
lkl04	2726635	2727168
lkl04	2727280	2728347
lkl04	2728357	2728908
lkl04	2728978	2730981
lkl04	2730992	2731582
lkl04	2731591	2732388
lkl04	2732385	2732753
lkl04	2732750	2733286
lkl04	2733283	2733774
lkl04	2733719	2734291
lkl04	2734288	2735997
lkl04	2735994	2736698
lkl04	2736695	2737438
lkl04	2737616	2739139
lkl04	2739132	2740619
lkl04	2740616	2741134
lkl04	2741313	2742077
lkl04	2742055	2742987
lkl04	2743070	2743264
lkl04	2743577	2743777
lkl04	2743792	2744454
lkl04	2744655	2745851
lkl04	2745948	2747006
lkl04	2747026	2748312
lkl04	2748314	2749297
lkl04	2749294	2750133
lkl04	2750136	2751203
lkl04	2751305	2753311
lkl04	2753348	2754442
lkl04	2754588	2754788
lkl04	2754816	2756285
lkl04	2756343	2757035
lkl04	2757093	2757371
lkl04	2757519	2757749
lkl04	2757746	2758330
lkl04	2758330	2759094
lkl04	2759096	2759836
lkl04	2760008	2762533
lkl04	2762587	2763015
lkl04	2763144	2763629
lkl04	2763802	2765346
lkl04	2765508	2766863
lkl04	2766844	2767614
lkl04	2767611	2768966
lkl04	2768986	2769759
lkl04	2769756	2770469
lkl04	2770598	2772118
lkl04	2772196	2772420
lkl04	2772564	2772863
lkl04	2772873	2773754
lkl04	2773751	2776261
lkl04	2776348	2776860
lkl04	2776945	2777616
lkl04	2777908	2778309
lkl04	2778315	2779673
lkl04	2779725	2780678
lkl04	2780732	2782111
lkl04	2782171	2782941
lkl04	2783087	2783174
lkl04	2783239	2783952
lkl04	2783949	2784350
lkl04	2784347	2784874
lkl04	2784865	2786166
lkl04	2786249	2786605
lkl04	2786795	2788144
lkl04	2788141	2790660
lkl04	2790901	2793189
lkl04	2793245	2793505
lkl04	2793531	2794775
lkl04	2794878	2795564
lkl04	2795638	2797026
lkl04	2797132	2798019
lkl04	2798052	2798510
lkl04	2798573	2798908
lkl04	2798973	2799518
lkl04	2799538	2800221
lkl04	2800264	2801073
lkl04	2801070	2802065
lkl04	2802062	2803168
lkl04	2803165	2804286
lkl04	2804436	2805470
lkl04	2805470	2806723
lkl04	2807254	2808318
lkl04	2808382	2809560
lkl04	2809717	2810466
lkl04	2811117	2811851
lkl04	2811848	2813596
lkl04	2813829	2816291
lkl04	2816677	2816979
lkl04	2817054	2817923
lkl04	2817884	2818708
lkl04	2818708	2819079
lkl04	2819170	2819709
lkl04	2819783	2820259
lkl04	2820256	2821236
lkl04	2821326	2822498
lkl04	2822509	2823084
lkl04	2823143	2823538
lkl04	2823629	2825191
lkl04	2825197	2827158
lkl04	2827155	2827646
lkl04	2827643	2828434
lkl04	2828431	2829006
lkl04	2829034	2829729
lkl04	2829732	2830178
lkl04	2830298	2831476
lkl04	2831564	2832751
lkl04	2832765	2834153
lkl04	2834150	2834848
lkl04	2834827	2835930
lkl04	2836129	2837112
lkl04	2837128	2838063
lkl04	2838101	2839852
lkl04	2839914	2840528
lkl04	2840532	2841524
lkl04	2841707	2843716
lkl04	2843713	2845989
lkl04	2845986	2848439
lkl04	2848429	2850726
lkl04	2850728	2851603
lkl04	2851612	2852625
lkl04	2852627	2853898
lkl04	2854072	2855076
lkl04	2855124	2855807
lkl04	2855810	2856277
lkl04	2856347	2858557
lkl04	2858557	2860905
lkl04	2860902	2862620
lkl04	2862811	2864127
lkl04	2864367	2865188
lkl04	2865193	2865918
lkl04	2865961	2866677
lkl04	2866726	2867238
lkl04	2867320	2867727
lkl04	2867826	2868491
lkl04	2868491	2868793
lkl04	2868806	2869579
lkl04	2869594	2874360
lkl04	2874420	2876096
lkl04	2876377	2877036
lkl04	2877136	2877762
lkl04	2877800	2878867
lkl04	2878978	2880354
lkl04	2880426	2881835
lkl04	2881953	2882411
lkl04	2882713	2883657
lkl04	2883729	2884928
lkl04	2884925	2885566
lkl04	2885656	2886417
lkl04	2886414	2887880
lkl04	2887932	2888438
lkl04	2888530	2890989
lkl04	2890986	2891645
lkl04	2891632	2892120
lkl04	2892164	2892691
lkl04	2892780	2893643
lkl04	2893792	2895462
lkl04	2895506	2896552
lkl04	2896549	2897508
lkl04	2897779	2899440
lkl04	2899521	2900699
lkl04	2900696	2901880
lkl04	2901983	2902939
lkl04	2903023	2904000
lkl04	2904085	2905725
lkl04	2905789	2906724
lkl04	2906789	2907721
lkl04	2907718	2908680
lkl04	2908799	2909842
lkl04	2909895	2912378
lkl04	2912561	2913622
lkl04	2913821	2915836
lkl04	2915833	2916768
lkl04	2916765	2917664
lkl04	2917745	2919082
lkl04	2919194	2920558
lkl04	2920633	2921865
lkl04	2921904	2922023